<?xml version="1.0" encoding="UTF-8" standalone="yes"?><!DOCTYPE report PUBLIC "-//JACOCO//DTD Report 1.1//EN" "report.dtd"><report name="paramTests"><sessioninfo id="luca-XPS-13-9343-1951011b" start="1642432652950" dump="1642432666457"/><sessioninfo id="luca-XPS-13-9343-c95726e9" start="1642433109953" dump="1642433124613"/><sessioninfo id="luca-XPS-13-9343-51ac7625" start="1642433315426" dump="1642433332873"/><sessioninfo id="luca-XPS-13-9343-77fd6bf" start="1642433668717" dump="1642433683618"/></report>