<?xml version="1.0" encoding="UTF-8"?>
<testsuite xmlns:xsi="http://www.w3.org/2001/XMLSchema-instance" xsi:noNamespaceSchemaLocation="https://maven.apache.org/surefire/maven-surefire-plugin/xsd/surefire-test-report-3.0.xsd" version="3.0" name="it.uniroma2.dicii.isw2.jcs.paramTests.JCSRemovalSimpleConcurrentTest" time="3.973" tests="4" errors="0" skipped="0" failures="0">
  <properties>
[...]
</properties>
  <testcase name="testTwoDeepRemoval" classname="it.uniroma2.dicii.isw2.jcs.paramTests.JCSRemovalSimpleConcurrentTest" time="1.443"/>
  <testcase name="testSingleDepthRemoval" classname="it.uniroma2.dicii.isw2.jcs.paramTests.JCSRemovalSimpleConcurrentTest" time="0.985"/>
  <testcase name="testClear" classname="it.uniroma2.dicii.isw2.jcs.paramTests.JCSRemovalSimpleConcurrentTest" time="0.757"/>
  <testcase name="testClearRepeatedlyWithoutError" classname="it.uniroma2.dicii.isw2.jcs.paramTests.JCSRemovalSimpleConcurrentTest" time="0.731"/>
</testsuite>